app/build/intermediates/manifest_merge_blame_file/debug/manifest-merger-blame-debug-report.txt
1<?xml version="1.0" encoding="utf-8"?>
2<manifest xmlns:android="http://schemas.android.com/apk/res/android"
3    package="com.example.maze"
4    android:versionCode="1"
5    android:versionName="1.0" >
6
7    <uses-sdk
8        android:minSdkVersion="28"
8-->src/main/AndroidManifest.xml
9        android:targetSdkVersion="30" />
9-->src/main/AndroidManifest.xml
10
11    <application
11-->src/main/AndroidManifest.xml:5:5-32:19
12        android:appComponentFactory="androidx.core.app.CoreComponentFactory"
12-->[androidx.core:core:1.3.1] AndroidManifest.xml:24:18-86
13        android:debuggable="true"
14        android:extractNativeLibs="false"
15        android:icon="@drawable/icon"
15-->src/main/AndroidManifest.xml:6:9-38
16        android:label="@string/app_name"
16-->src/main/AndroidManifest.xml:7:9-41
17        android:roundIcon="@drawable/icon_round"
17-->src/main/AndroidManifest.xml:8:9-49
18        android:supportsRtl="true"
18-->src/main/AndroidManifest.xml:9:9-35
19        android:testOnly="true"
20        android:theme="@style/Theme.AppCompat.DayNight.NoActionBar.FullScreen" >
20-->src/main/AndroidManifest.xml:10:9-79
21        <activity
21-->src/main/AndroidManifest.xml:11:9-13:53
22            android:name="com.example.maze.HallOfFameActivity"
22-->src/main/AndroidManifest.xml:12:13-47
23            android:screenOrientation="landscape" />
23-->src/main/AndroidManifest.xml:13:13-50
24        <activity
24-->src/main/AndroidManifest.xml:14:9-16:53
25            android:name="com.example.maze.LevelChoiceActivity"
25-->src/main/AndroidManifest.xml:15:13-48
26            android:screenOrientation="landscape" />
26-->src/main/AndroidManifest.xml:16:13-50
27        <activity
27-->src/main/AndroidManifest.xml:17:9-19:53
28            android:name="com.example.maze.SettingsActivity"
28-->src/main/AndroidManifest.xml:18:13-45
29            android:screenOrientation="landscape" />
29-->src/main/AndroidManifest.xml:19:13-50
30        <activity
30-->src/main/AndroidManifest.xml:20:9-22:53
31            android:name="com.example.maze.GameActivity"
31-->src/main/AndroidManifest.xml:21:13-41
32            android:screenOrientation="landscape" />
32-->src/main/AndroidManifest.xml:22:13-50
33        <activity
33-->src/main/AndroidManifest.xml:23:9-31:20
34            android:name="com.example.maze.MainActivity"
34-->src/main/AndroidManifest.xml:24:13-41
35            android:screenOrientation="landscape" >
35-->src/main/AndroidManifest.xml:25:13-50
36            <intent-filter>
36-->src/main/AndroidManifest.xml:26:13-30:29
37                <action android:name="android.intent.action.MAIN" />
37-->src/main/AndroidManifest.xml:27:17-69
37-->src/main/AndroidManifest.xml:27:25-66
38
39                <category android:name="android.intent.category.LAUNCHER" />
39-->src/main/AndroidManifest.xml:29:17-77
39-->src/main/AndroidManifest.xml:29:27-74
40            </intent-filter>
41        </activity>
42
43        <service
43-->[androidx.room:room-runtime:2.3.0] AndroidManifest.xml:25:9-28:40
44            android:name="androidx.room.MultiInstanceInvalidationService"
44-->[androidx.room:room-runtime:2.3.0] AndroidManifest.xml:26:13-74
45            android:directBootAware="true"
45-->[androidx.room:room-runtime:2.3.0] AndroidManifest.xml:27:13-43
46            android:exported="false" />
46-->[androidx.room:room-runtime:2.3.0] AndroidManifest.xml:28:13-37
47    </application>
48
49</manifest>